<?xml version="1.0" encoding="UTF-8"?>
<!-- Generated by org.testng.reporters.JUnitXMLReporter -->
<testsuite ignored="1" hostname="arun" failures="0" tests="1" name="Default test" time="8.26" errors="0" timestamp="2024-06-20T12:41:28 IST">
  <testcase classname="testScript3.MultipleWindowHandling" name="multipleWindowHandleTest2" time="2.606"/>
  <testcase classname="testScript3.MultipleWindowHandling" name="multipleWindowHandle" time="0.0">
    <ignored/>
  </testcase> <!-- multipleWindowHandle -->
</testsuite> <!-- Default test -->
