<?xml version="1.0" encoding="UTF-8"?>
<!-- Generated by org.testng.reporters.JUnitXMLReporter -->
<testsuite ignored="5" hostname="arun" failures="0" tests="1" name="Default test" time="8.411" errors="0" timestamp="2024-06-18T11:18:58 IST">
  <testcase classname="testScript3.Assertion" name="assertNotNull" time="1.779"/>
  <testcase classname="testScript3.Assertion" name="assertNotEqualTest" time="0.0">
    <ignored/>
  </testcase> <!-- assertNotEqualTest -->
  <testcase classname="testScript3.Assertion" name="assertTrueTest" time="0.0">
    <ignored/>
  </testcase> <!-- assertTrueTest -->
  <testcase classname="testScript3.Assertion" name="assertFalseTest" time="0.0">
    <ignored/>
  </testcase> <!-- assertFalseTest -->
  <testcase classname="testScript3.Assertion" name="assertNullTest" time="0.0">
    <ignored/>
  </testcase> <!-- assertNullTest -->
  <testcase classname="testScript3.Assertion" name="assertEqualsTest" time="0.0">
    <ignored/>
  </testcase> <!-- assertEqualsTest -->
</testsuite> <!-- Default test -->
