<?xml version="1.0" encoding="UTF-8"?>
<testng-results ignored="5" total="6" passed="1" failed="0" skipped="0">
  <reporter-output>
  </reporter-output>
  <suite started-at="2024-06-18T11:18:50 IST" name="Default suite" finished-at="2024-06-18T11:18:58 IST" duration-ms="8411">
    <groups>
    </groups>
    <test started-at="2024-06-18T11:18:50 IST" name="Default test" finished-at="2024-06-18T11:18:58 IST" duration-ms="8411">
      <class name="testScript3.Assertion">
        <test-method is-config="true" signature="initializeBrowser()[pri:0, instance:testScript3.Assertion@6da21078]" started-at="2024-06-18T11:18:50 IST" name="initializeBrowser" finished-at="2024-06-18T11:18:56 IST" duration-ms="6539" status="PASS">
          <reporter-output>
          </reporter-output>
        </test-method> <!-- initializeBrowser -->
        <test-method signature="assertNotNull()[pri:0, instance:testScript3.Assertion@6da21078]" started-at="2024-06-18T11:18:56 IST" name="assertNotNull" finished-at="2024-06-18T11:18:58 IST" duration-ms="1779" status="PASS">
          <reporter-output>
          </reporter-output>
        </test-method> <!-- assertNotNull -->
      </class> <!-- testScript3.Assertion -->
    </test> <!-- Default test -->
  </suite> <!-- Default suite -->
</testng-results>
