<?xml version="1.0" encoding="UTF-8"?>
<testng-results ignored="6" total="7" passed="1" failed="0" skipped="0">
  <reporter-output>
  </reporter-output>
  <suite started-at="2024-06-18T08:36:02 IST" name="Default suite" finished-at="2024-06-18T08:36:09 IST" duration-ms="6970">
    <groups>
    </groups>
    <test started-at="2024-06-18T08:36:02 IST" name="Default test" finished-at="2024-06-18T08:36:09 IST" duration-ms="6970">
      <class name="testScript3.AllWebElements">
        <test-method is-config="true" signature="initializeBrowser()[pri:0, instance:testScript3.AllWebElements@7fee8714]" started-at="2024-06-18T08:36:02 IST" name="initializeBrowser" finished-at="2024-06-18T08:36:07 IST" duration-ms="4614" status="PASS">
          <reporter-output>
          </reporter-output>
        </test-method> <!-- initializeBrowser -->
        <test-method signature="dragAndDrop()[pri:0, instance:testScript3.AllWebElements@7fee8714]" started-at="2024-06-18T08:36:07 IST" name="dragAndDrop" finished-at="2024-06-18T08:36:09 IST" duration-ms="2296" status="PASS">
          <reporter-output>
          </reporter-output>
        </test-method> <!-- dragAndDrop -->
      </class> <!-- testScript3.AllWebElements -->
    </test> <!-- Default test -->
  </suite> <!-- Default suite -->
</testng-results>
